<?xml version="1.0" encoding="UTF-8"?>
<!-- Generated by org.testng.reporters.JUnitReportReporter -->
<testsuite hostname="DESKTOP-T06N61D" failures="0" tests="1" name="TestingScript.PostTest" time="9.073" errors="0" timestamp="12 Apr 2019 19:00:16 GMT">
  <testcase classname="TestingScript.PostTest" name="test10" time="9.073"/>
</testsuite> <!-- TestingScript.PostTest -->
