<?xml version="1.0" encoding="UTF-8"?>
<!-- Generated by org.testng.reporters.JUnitReportReporter -->
<testsuite hostname="DESKTOP-5P6GP1F" name="TestingScript.searchTests" tests="4" failures="0" timestamp="4 May 2019 02:03:54 GMT" time="145.117" errors="0">
  <testcase name="Tes3" time="50.481" classname="TestingScript.searchTests"/>
  <testcase name="Test4" time="37.291" classname="TestingScript.searchTests"/>
  <testcase name="Test1" time="36.633" classname="TestingScript.searchTests"/>
  <testcase name="Test2" time="20.712" classname="TestingScript.searchTests"/>
</testsuite> <!-- TestingScript.searchTests -->
