<?xml version="1.0" encoding="UTF-8"?>
<!-- Generated by org.testng.reporters.JUnitReportReporter -->
<testsuite hostname="DESKTOP-T06N61D" failures="0" tests="1" name="TestingScript.PostTest" time="2.344" errors="0" timestamp="24 Mar 2019 05:30:15 GMT" skipped="0">
  <testcase classname="TestingScript.PostTest" name="test6" time="2.344"/>
</testsuite> <!-- TestingScript.PostTest -->
