<?xml version="1.0" encoding="UTF-8"?>
<!-- Generated by org.testng.reporters.JUnitReportReporter -->
<testsuite hostname="DESKTOP-5P6GP1F" name="TestingScript.apexcomTest" tests="1" failures="0" timestamp="13 Apr 2019 01:59:44 GMT" time="3.676" errors="0">
  <testcase name="f" time="3.676" classname="TestingScript.apexcomTest"/>
</testsuite> <!-- TestingScript.apexcomTest -->
